This is pdfTeX, Version 3.1415926-2.5-1.40.14 (TeX Live 2013) (format=pdflatex 2013.5.30)  29 JAN 2014 23:34
entering extended mode
 restricted \write18 enabled.
 file:line:error style messages enabled.
 %&-line parsing enabled.
**"Assignment 2 Don Johnson.tex"
(./Assignment 2 Don Johnson.tex
LaTeX2e <2011/06/27>
Babel <3.9f> and hyphenation patterns for 78 languages loaded.
(/usr/local/texlive/2013/texmf-dist/tex/latex/base/article.cls
Document Class: article 2007/10/19 v1.4h Standard LaTeX document class
(/usr/local/texlive/2013/texmf-dist/tex/latex/base/size10.clo
File: size10.clo 2007/10/19 v1.4h Standard LaTeX file (size option)
)
\c@part=\count79
\c@section=\count80
\c@subsection=\count81
\c@subsubsection=\count82
\c@paragraph=\count83
\c@subparagraph=\count84
\c@figure=\count85
\c@table=\count86
\abovecaptionskip=\skip41
\belowcaptionskip=\skip42
\bibindent=\dimen102
)
(/usr/local/texlive/2013/texmf-dist/tex/latex/graphics/graphicx.sty
Package: graphicx 1999/02/16 v1.0f Enhanced LaTeX Graphics (DPC,SPQR)

(/usr/local/texlive/2013/texmf-dist/tex/latex/graphics/keyval.sty
Package: keyval 1999/03/16 v1.13 key=value parser (DPC)
\KV@toks@=\toks14
)
(/usr/local/texlive/2013/texmf-dist/tex/latex/graphics/graphics.sty
Package: graphics 2009/02/05 v1.0o Standard LaTeX Graphics (DPC,SPQR)

(/usr/local/texlive/2013/texmf-dist/tex/latex/graphics/trig.sty
Package: trig 1999/03/16 v1.09 sin cos tan (DPC)
)
(/usr/local/texlive/2013/texmf-dist/tex/latex/latexconfig/graphics.cfg
File: graphics.cfg 2010/04/23 v1.9 graphics configuration of TeX Live
)
Package graphics Info: Driver file: pdftex.def on input line 91.

(/usr/local/texlive/2013/texmf-dist/tex/latex/pdftex-def/pdftex.def
File: pdftex.def 2011/05/27 v0.06d Graphics/color for pdfTeX

(/usr/local/texlive/2013/texmf-dist/tex/generic/oberdiek/infwarerr.sty
Package: infwarerr 2010/04/08 v1.3 Providing info/warning/error messages (HO)
)
(/usr/local/texlive/2013/texmf-dist/tex/generic/oberdiek/ltxcmds.sty
Package: ltxcmds 2011/11/09 v1.22 LaTeX kernel commands for general use (HO)
)
\Gread@gobject=\count87
))
\Gin@req@height=\dimen103
\Gin@req@width=\dimen104
)
(/usr/local/texlive/2013/texmf-dist/tex/latex/geometry/geometry.sty
Package: geometry 2010/09/12 v5.6 Page Geometry

(/usr/local/texlive/2013/texmf-dist/tex/generic/oberdiek/ifpdf.sty
Package: ifpdf 2011/01/30 v2.3 Provides the ifpdf switch (HO)
Package ifpdf Info: pdfTeX in PDF mode is detected.
)
(/usr/local/texlive/2013/texmf-dist/tex/generic/oberdiek/ifvtex.sty
Package: ifvtex 2010/03/01 v1.5 Detect VTeX and its facilities (HO)
Package ifvtex Info: VTeX not detected.
)
(/usr/local/texlive/2013/texmf-dist/tex/generic/ifxetex/ifxetex.sty
Package: ifxetex 2010/09/12 v0.6 Provides ifxetex conditional
)
\Gm@cnth=\count88
\Gm@cntv=\count89
\c@Gm@tempcnt=\count90
\Gm@bindingoffset=\dimen105
\Gm@wd@mp=\dimen106
\Gm@odd@mp=\dimen107
\Gm@even@mp=\dimen108
\Gm@layoutwidth=\dimen109
\Gm@layoutheight=\dimen110
\Gm@layouthoffset=\dimen111
\Gm@layoutvoffset=\dimen112
\Gm@dimlist=\toks15
)
(/usr/local/texlive/2013/texmf-dist/tex/latex/listings/listings.sty
\lst@mode=\count91
\lst@gtempboxa=\box26
\lst@token=\toks16
\lst@length=\count92
\lst@currlwidth=\dimen113
\lst@column=\count93
\lst@pos=\count94
\lst@lostspace=\dimen114
\lst@width=\dimen115
\lst@newlines=\count95
\lst@lineno=\count96
\lst@maxwidth=\dimen116

(/usr/local/texlive/2013/texmf-dist/tex/latex/listings/lstmisc.sty
File: lstmisc.sty 2007/02/22 1.4 (Carsten Heinz)
\c@lstnumber=\count97
\lst@skipnumbers=\count98
\lst@framebox=\box27
)
(/usr/local/texlive/2013/texmf-dist/tex/latex/listings/listings.cfg
File: listings.cfg 2007/02/22 1.4 listings configuration
))
Package: listings 2007/02/22 1.4 (Carsten Heinz)

(/usr/local/texlive/2013/texmf-dist/tex/latex/listings/lstlang1.sty
File: lstlang1.sty 2004/09/05 1.3 listings language file
)
(/usr/local/texlive/2013/texmf-dist/tex/latex/listings/lstmisc.sty
File: lstmisc.sty 2007/02/22 1.4 (Carsten Heinz)
)
(/usr/local/texlive/2013/texmf-dist/tex/latex/caption/caption.sty
Package: caption 2013/05/02 v3.3-89 Customizing captions (AR)

(/usr/local/texlive/2013/texmf-dist/tex/latex/caption/caption3.sty
Package: caption3 2013/05/02 v1.6-88 caption3 kernel (AR)
Package caption3 Info: TeX engine: e-TeX on input line 57.
\captionmargin=\dimen117
\captionmargin@=\dimen118
\captionwidth=\dimen119
\caption@tempdima=\dimen120
\caption@indent=\dimen121
\caption@parindent=\dimen122
\caption@hangindent=\dimen123
)
\c@ContinuedFloat=\count99
Package caption Info: listings package is loaded.
)
(/usr/local/texlive/2013/texmf-dist/tex/latex/caption/subcaption.sty
Package: subcaption 2013/02/03 v1.1-62 Sub-captions (AR)
\c@subfigure=\count100
\c@subtable=\count101
)
(/usr/local/texlive/2013/texmf-dist/tex/latex/underscore/underscore.sty
Package: underscore 2006/09/13
LaTeX Info: Redefining \_ on input line 42.
)
(/usr/local/texlive/2013/texmf-dist/tex/latex/mh/mathtools.sty
Package: mathtools 2013/02/12 v1.13 mathematical typesetting tools

(/usr/local/texlive/2013/texmf-dist/tex/latex/tools/calc.sty
Package: calc 2007/08/22 v4.3 Infix arithmetic (KKT,FJ)
\calc@Acount=\count102
\calc@Bcount=\count103
\calc@Adimen=\dimen124
\calc@Bdimen=\dimen125
\calc@Askip=\skip43
\calc@Bskip=\skip44
LaTeX Info: Redefining \setlength on input line 76.
LaTeX Info: Redefining \addtolength on input line 77.
\calc@Ccount=\count104
\calc@Cskip=\skip45
)
(/usr/local/texlive/2013/texmf-dist/tex/latex/mh/mhsetup.sty
Package: mhsetup 2010/01/21 v1.2a programming setup (MH)
)
(/usr/local/texlive/2013/texmf-dist/tex/latex/amsmath/amsmath.sty
Package: amsmath 2013/01/14 v2.14 AMS math features
\@mathmargin=\skip46

For additional information on amsmath, use the `?' option.
(/usr/local/texlive/2013/texmf-dist/tex/latex/amsmath/amstext.sty
Package: amstext 2000/06/29 v2.01

(/usr/local/texlive/2013/texmf-dist/tex/latex/amsmath/amsgen.sty
File: amsgen.sty 1999/11/30 v2.0
\@emptytoks=\toks17
\ex@=\dimen126
))
(/usr/local/texlive/2013/texmf-dist/tex/latex/amsmath/amsbsy.sty
Package: amsbsy 1999/11/29 v1.2d
\pmbraise@=\dimen127
)
(/usr/local/texlive/2013/texmf-dist/tex/latex/amsmath/amsopn.sty
Package: amsopn 1999/12/14 v2.01 operator names
)
\inf@bad=\count105
LaTeX Info: Redefining \frac on input line 210.
\uproot@=\count106
\leftroot@=\count107
LaTeX Info: Redefining \overline on input line 306.
\classnum@=\count108
\DOTSCASE@=\count109
LaTeX Info: Redefining \ldots on input line 378.
LaTeX Info: Redefining \dots on input line 381.
LaTeX Info: Redefining \cdots on input line 466.
\Mathstrutbox@=\box28
\strutbox@=\box29
\big@size=\dimen128
LaTeX Font Info:    Redeclaring font encoding OML on input line 566.
LaTeX Font Info:    Redeclaring font encoding OMS on input line 567.
\macc@depth=\count110
\c@MaxMatrixCols=\count111
\dotsspace@=\muskip10
\c@parentequation=\count112
\dspbrk@lvl=\count113
\tag@help=\toks18
\row@=\count114
\column@=\count115
\maxfields@=\count116
\andhelp@=\toks19
\eqnshift@=\dimen129
\alignsep@=\dimen130
\tagshift@=\dimen131
\tagwidth@=\dimen132
\totwidth@=\dimen133
\lineht@=\dimen134
\@envbody=\toks20
\multlinegap=\skip47
\multlinetaggap=\skip48
\mathdisplay@stack=\toks21
LaTeX Info: Redefining \[ on input line 2665.
LaTeX Info: Redefining \] on input line 2666.
)
LaTeX Info: Thecontrolsequence`\['isalreadyrobust on input line 129.
LaTeX Info: Thecontrolsequence`\]'isalreadyrobust on input line 129.
\g_MT_multlinerow_int=\count117
\l_MT_multwidth_dim=\dimen135
\origjot=\skip49
\l_MT_shortvdotswithinadjustabove_dim=\dimen136
\l_MT_shortvdotswithinadjustbelow_dim=\dimen137
\l_MT_above_intertext_sep=\dimen138
\l_MT_below_intertext_sep=\dimen139
\l_MT_above_shortintertext_sep=\dimen140
\l_MT_below_shortintertext_sep=\dimen141
)
(/usr/local/texlive/2013/texmf-dist/tex/latex/float/float.sty
Package: float 2001/11/08 v1.3d Float enhancements (AL)
\c@float@type=\count118
\float@exts=\toks22
\float@box=\box30
\@float@everytoks=\toks23
\@floatcapt=\box31
)
(./Assignment 2 Don Johnson.aux

LaTeX Warning: Label `overflow' multiply defined.


LaTeX Warning: Label `overflow' multiply defined.


LaTeX Warning: Label `overflow' multiply defined.


LaTeX Warning: Label `overflow' multiply defined.


LaTeX Warning: Label `overflow' multiply defined.


LaTeX Warning: Label `overflow' multiply defined.


LaTeX Warning: Label `overflow' multiply defined.


LaTeX Warning: Label `overflow' multiply defined.


LaTeX Warning: Label `overflow' multiply defined.


LaTeX Warning: Label `overflow' multiply defined.


LaTeX Warning: Label `overflow' multiply defined.


LaTeX Warning: Label `overflow' multiply defined.


LaTeX Warning: Label `overflow' multiply defined.


LaTeX Warning: Label `overflow' multiply defined.


LaTeX Warning: Label `overflow' multiply defined.


LaTeX Warning: Label `overflow' multiply defined.


LaTeX Warning: Label `overflow' multiply defined.


LaTeX Warning: Label `overflow' multiply defined.


LaTeX Warning: Label `overflow' multiply defined.

)
\openout1 = `"Assignment 2 Don Johnson.aux"'.

LaTeX Font Info:    Checking defaults for OML/cmm/m/it on input line 18.
LaTeX Font Info:    ... okay on input line 18.
LaTeX Font Info:    Checking defaults for T1/cmr/m/n on input line 18.
LaTeX Font Info:    ... okay on input line 18.
LaTeX Font Info:    Checking defaults for OT1/cmr/m/n on input line 18.
LaTeX Font Info:    ... okay on input line 18.
LaTeX Font Info:    Checking defaults for OMS/cmsy/m/n on input line 18.
LaTeX Font Info:    ... okay on input line 18.
LaTeX Font Info:    Checking defaults for OMX/cmex/m/n on input line 18.
LaTeX Font Info:    ... okay on input line 18.
LaTeX Font Info:    Checking defaults for U/cmr/m/n on input line 18.
LaTeX Font Info:    ... okay on input line 18.
 (/usr/local/texlive/2013/texmf-dist/tex/context/base/supp-pdf.mkii
[Loading MPS to PDF converter (version 2006.09.02).]
\scratchcounter=\count119
\scratchdimen=\dimen142
\scratchbox=\box32
\nofMPsegments=\count120
\nofMParguments=\count121
\everyMPshowfont=\toks24
\MPscratchCnt=\count122
\MPscratchDim=\dimen143
\MPnumerator=\count123
\makeMPintoPDFobject=\count124
\everyMPtoPDFconversion=\toks25
) (/usr/local/texlive/2013/texmf-dist/tex/generic/oberdiek/pdftexcmds.sty
Package: pdftexcmds 2011/11/29 v0.20 Utility functions of pdfTeX for LuaTeX (HO
)

(/usr/local/texlive/2013/texmf-dist/tex/generic/oberdiek/ifluatex.sty
Package: ifluatex 2010/03/01 v1.3 Provides the ifluatex switch (HO)
Package ifluatex Info: LuaTeX not detected.
)
Package pdftexcmds Info: LuaTeX not detected.
Package pdftexcmds Info: \pdf@primitive is available.
Package pdftexcmds Info: \pdf@ifprimitive is available.
Package pdftexcmds Info: \pdfdraftmode found.
)
(/usr/local/texlive/2013/texmf-dist/tex/latex/oberdiek/epstopdf-base.sty
Package: epstopdf-base 2010/02/09 v2.5 Base part for package epstopdf

(/usr/local/texlive/2013/texmf-dist/tex/latex/oberdiek/grfext.sty
Package: grfext 2010/08/19 v1.1 Manage graphics extensions (HO)

(/usr/local/texlive/2013/texmf-dist/tex/generic/oberdiek/kvdefinekeys.sty
Package: kvdefinekeys 2011/04/07 v1.3 Define keys (HO)
))
(/usr/local/texlive/2013/texmf-dist/tex/latex/oberdiek/kvoptions.sty
Package: kvoptions 2011/06/30 v3.11 Key value format for package options (HO)

(/usr/local/texlive/2013/texmf-dist/tex/generic/oberdiek/kvsetkeys.sty
Package: kvsetkeys 2012/04/25 v1.16 Key value parser (HO)

(/usr/local/texlive/2013/texmf-dist/tex/generic/oberdiek/etexcmds.sty
Package: etexcmds 2011/02/16 v1.5 Avoid name clashes with e-TeX commands (HO)
Package etexcmds Info: Could not find \expanded.
(etexcmds)             That can mean that you are not using pdfTeX 1.50 or
(etexcmds)             that some package has redefined \expanded.
(etexcmds)             In the latter case, load this package earlier.
)))
Package grfext Info: Graphics extension search list:
(grfext)             [.png,.pdf,.jpg,.mps,.jpeg,.jbig2,.jb2,.PNG,.PDF,.JPG,.JPE
G,.JBIG2,.JB2,.eps]
(grfext)             \AppendGraphicsExtensions on input line 452.

(/usr/local/texlive/2013/texmf-dist/tex/latex/latexconfig/epstopdf-sys.cfg
File: epstopdf-sys.cfg 2010/07/13 v1.3 Configuration of (r)epstopdf for TeX Liv
e
))
*geometry* driver: auto-detecting
*geometry* detected driver: pdftex
*geometry* verbose mode - [ preamble ] result:
* driver: pdftex
* paper: <default>
* layout: <same size as paper>
* layoutoffset:(h,v)=(0.0pt,0.0pt)
* modes: 
* h-part:(L,W,R)=(36.135pt, 542.02501pt, 36.135pt)
* v-part:(T,H,B)=(36.135pt, 722.7pt, 36.135pt)
* \paperwidth=614.295pt
* \paperheight=794.96999pt
* \textwidth=542.02501pt
* \textheight=722.7pt
* \oddsidemargin=-36.135pt
* \evensidemargin=-36.135pt
* \topmargin=-73.135pt
* \headheight=12.0pt
* \headsep=25.0pt
* \topskip=10.0pt
* \footskip=30.0pt
* \marginparwidth=65.0pt
* \marginparsep=11.0pt
* \columnsep=10.0pt
* \skip\footins=9.0pt plus 4.0pt minus 2.0pt
* \hoffset=0.0pt
* \voffset=0.0pt
* \mag=1000
* \@twocolumnfalse
* \@twosidefalse
* \@mparswitchfalse
* \@reversemarginfalse
* (1in=72.27pt=25.4mm, 1cm=28.453pt)

\c@lstlisting=\count125
Package caption Info: Begin \AtBeginDocument code.
Package caption Info: float package is loaded.
Package caption Info: End \AtBeginDocument code.

</Users/donj/workspace/cs585/Lab2/Mac/Assignment2/Data/SoloYellowEgg-Gradient-e
dges-2pt5-82.png, id=1, 963.6pt x 722.7pt>
File: /Users/donj/workspace/cs585/Lab2/Mac/Assignment2/Data/SoloYellowEgg-Gradi
ent-edges-2pt5-82.png Graphic file (type png)

<use /Users/donj/workspace/cs585/Lab2/Mac/Assignment2/Data/SoloYellowEgg-Gradie
nt-edges-2pt5-82.png>
Package pdftex.def Info: /Users/donj/workspace/cs585/Lab2/Mac/Assignment2/Data/
SoloYellowEgg-Gradient-edges-2pt5-82.png used on input line 36.
(pdftex.def)             Requested size: 398.33858pt x 298.74599pt.

</Users/donj/workspace/cs585/Lab2/Mac/Assignment2/Data/SoloYellowEgg-Gradient-r
esult-2pt5-82.png, id=2, 963.6pt x 722.7pt>
File: /Users/donj/workspace/cs585/Lab2/Mac/Assignment2/Data/SoloYellowEgg-Gradi
ent-result-2pt5-82.png Graphic file (type png)

<use /Users/donj/workspace/cs585/Lab2/Mac/Assignment2/Data/SoloYellowEgg-Gradie
nt-result-2pt5-82.png>
Package pdftex.def Info: /Users/donj/workspace/cs585/Lab2/Mac/Assignment2/Data/
SoloYellowEgg-Gradient-result-2pt5-82.png used on input line 43.
(pdftex.def)             Requested size: 398.33858pt x 298.74599pt.
 [1

{/usr/local/texlive/2013/texmf-var/fonts/map/pdftex/updmap/pdftex.map} </Users/
donj/workspace/cs585/Lab2/Mac/Assignment2/Data/SoloYellowEgg-Gradient-edges-2pt
5-82.png (PNG copy)>]
</Users/donj/workspace/cs585/Lab2/Mac/Assignment2/Data/SoloYellowEgg-Canny-edge
s-1-129-387.png, id=12, 963.6pt x 722.7pt>
File: /Users/donj/workspace/cs585/Lab2/Mac/Assignment2/Data/SoloYellowEgg-Canny
-edges-1-129-387.png Graphic file (type png)

<use /Users/donj/workspace/cs585/Lab2/Mac/Assignment2/Data/SoloYellowEgg-Canny-
edges-1-129-387.png>
Package pdftex.def Info: /Users/donj/workspace/cs585/Lab2/Mac/Assignment2/Data/
SoloYellowEgg-Canny-edges-1-129-387.png used on input line 50.
(pdftex.def)             Requested size: 398.33858pt x 298.74599pt.

</Users/donj/workspace/cs585/Lab2/Mac/Assignment2/Data/SoloYellowEgg-Canny-resu
lt-1-129-387.png, id=13, 963.6pt x 722.7pt>
File: /Users/donj/workspace/cs585/Lab2/Mac/Assignment2/Data/SoloYellowEgg-Canny
-result-1-129-387.png Graphic file (type png)

<use /Users/donj/workspace/cs585/Lab2/Mac/Assignment2/Data/SoloYellowEgg-Canny-
result-1-129-387.png>
Package pdftex.def Info: /Users/donj/workspace/cs585/Lab2/Mac/Assignment2/Data/
SoloYellowEgg-Canny-result-1-129-387.png used on input line 57.
(pdftex.def)             Requested size: 398.33858pt x 298.74599pt.
 [2 </Users/donj/workspace/cs585/Lab2/Mac/Assignment2/Data/SoloYellowEgg-Gradie
nt-result-2pt5-82.png (PNG copy)> </Users/donj/workspace/cs585/Lab2/Mac/Assignm
ent2/Data/SoloYellowEgg-Canny-edges-1-129-387.png (PNG copy)>]
</Users/donj/workspace/cs585/Lab2/Mac/Assignment2/Data/redEgg-edges-0pt5-41.png
, id=17, 963.6pt x 722.7pt>
File: /Users/donj/workspace/cs585/Lab2/Mac/Assignment2/Data/redEgg-edges-0pt5-4
1.png Graphic file (type png)

<use /Users/donj/workspace/cs585/Lab2/Mac/Assignment2/Data/redEgg-edges-0pt5-41
.png>
Package pdftex.def Info: /Users/donj/workspace/cs585/Lab2/Mac/Assignment2/Data/
redEgg-edges-0pt5-41.png used on input line 67.
(pdftex.def)             Requested size: 398.33858pt x 298.74599pt.

</Users/donj/workspace/cs585/Lab2/Mac/Assignment2/Data/redEgg-result-0pt5-41.pn
g, id=18, 963.6pt x 722.7pt>
File: /Users/donj/workspace/cs585/Lab2/Mac/Assignment2/Data/redEgg-result-0pt5-
41.png Graphic file (type png)

<use /Users/donj/workspace/cs585/Lab2/Mac/Assignment2/Data/redEgg-result-0pt5-4
1.png>
Package pdftex.def Info: /Users/donj/workspace/cs585/Lab2/Mac/Assignment2/Data/
redEgg-result-0pt5-41.png used on input line 74.
(pdftex.def)             Requested size: 398.33858pt x 298.74599pt.
 [3 </Users/donj/workspace/cs585/Lab2/Mac/Assignment2/Data/SoloYellowEgg-Canny-
result-1-129-387.png (PNG copy)> </Users/donj/workspace/cs585/Lab2/Mac/Assignme
nt2/Data/redEgg-edges-0pt5-41.png (PNG copy)>]
</Users/donj/workspace/cs585/Lab2/Mac/Assignment2/Data/greenEgg-edges-0pt5-41.p
ng, id=22, 963.6pt x 722.7pt>
File: /Users/donj/workspace/cs585/Lab2/Mac/Assignment2/Data/greenEgg-edges-0pt5
-41.png Graphic file (type png)

<use /Users/donj/workspace/cs585/Lab2/Mac/Assignment2/Data/greenEgg-edges-0pt5-
41.png>
Package pdftex.def Info: /Users/donj/workspace/cs585/Lab2/Mac/Assignment2/Data/
greenEgg-edges-0pt5-41.png used on input line 81.
(pdftex.def)             Requested size: 398.33858pt x 298.74599pt.

</Users/donj/workspace/cs585/Lab2/Mac/Assignment2/Data/greenEgg-result-0pt5-41.
png, id=23, 963.6pt x 722.7pt>
File: /Users/donj/workspace/cs585/Lab2/Mac/Assignment2/Data/greenEgg-result-0pt
5-41.png Graphic file (type png)

<use /Users/donj/workspace/cs585/Lab2/Mac/Assignment2/Data/greenEgg-result-0pt5
-41.png>
Package pdftex.def Info: /Users/donj/workspace/cs585/Lab2/Mac/Assignment2/Data/
greenEgg-result-0pt5-41.png used on input line 88.
(pdftex.def)             Requested size: 398.33858pt x 298.74599pt.
 [4 </Users/donj/workspace/cs585/Lab2/Mac/Assignment2/Data/redEgg-result-0pt5-4
1.png (PNG copy)> </Users/donj/workspace/cs585/Lab2/Mac/Assignment2/Data/greenE
gg-edges-0pt5-41.png (PNG copy)>]
</Users/donj/workspace/cs585/Lab2/Mac/Assignment2/Data/blueEgg-edges-0pt5-42.pn
g, id=27, 963.6pt x 722.7pt>
File: /Users/donj/workspace/cs585/Lab2/Mac/Assignment2/Data/blueEgg-edges-0pt5-
42.png Graphic file (type png)

<use /Users/donj/workspace/cs585/Lab2/Mac/Assignment2/Data/blueEgg-edges-0pt5-4
2.png>
Package pdftex.def Info: /Users/donj/workspace/cs585/Lab2/Mac/Assignment2/Data/
blueEgg-edges-0pt5-42.png used on input line 95.
(pdftex.def)             Requested size: 398.33858pt x 298.74599pt.

</Users/donj/workspace/cs585/Lab2/Mac/Assignment2/Data/blueEgg-result-0pt5-42.p
ng, id=28, 963.6pt x 722.7pt>
File: /Users/donj/workspace/cs585/Lab2/Mac/Assignment2/Data/blueEgg-result-0pt5
-42.png Graphic file (type png)

<use /Users/donj/workspace/cs585/Lab2/Mac/Assignment2/Data/blueEgg-result-0pt5-
42.png>
Package pdftex.def Info: /Users/donj/workspace/cs585/Lab2/Mac/Assignment2/Data/
blueEgg-result-0pt5-42.png used on input line 102.
(pdftex.def)             Requested size: 398.33858pt x 298.74599pt.
 [5 </Users/donj/workspace/cs585/Lab2/Mac/Assignment2/Data/greenEgg-result-0pt5
-41.png (PNG copy)> </Users/donj/workspace/cs585/Lab2/Mac/Assignment2/Data/blue
Egg-edges-0pt5-42.png (PNG copy)>]
</Users/donj/workspace/cs585/Lab2/Mac/Assignment2/Data/cube-edges-1pt5-16.png, 
id=32, 963.6pt x 722.7pt>
File: /Users/donj/workspace/cs585/Lab2/Mac/Assignment2/Data/cube-edges-1pt5-16.
png Graphic file (type png)

<use /Users/donj/workspace/cs585/Lab2/Mac/Assignment2/Data/cube-edges-1pt5-16.p
ng>
Package pdftex.def Info: /Users/donj/workspace/cs585/Lab2/Mac/Assignment2/Data/
cube-edges-1pt5-16.png used on input line 114.
(pdftex.def)             Requested size: 398.33858pt x 298.74599pt.

</Users/donj/workspace/cs585/Lab2/Mac/Assignment2/Data/cube-result-1pt5-16.png,
 id=33, 963.6pt x 722.7pt>
File: /Users/donj/workspace/cs585/Lab2/Mac/Assignment2/Data/cube-result-1pt5-16
.png Graphic file (type png)

<use /Users/donj/workspace/cs585/Lab2/Mac/Assignment2/Data/cube-result-1pt5-16.
png>
Package pdftex.def Info: /Users/donj/workspace/cs585/Lab2/Mac/Assignment2/Data/
cube-result-1pt5-16.png used on input line 121.
(pdftex.def)             Requested size: 398.33858pt x 298.74599pt.
 [6 </Users/donj/workspace/cs585/Lab2/Mac/Assignment2/Data/blueEgg-result-0pt5-
42.png (PNG copy)> </Users/donj/workspace/cs585/Lab2/Mac/Assignment2/Data/cube-
edges-1pt5-16.png (PNG copy)>]
</Users/donj/workspace/cs585/Lab2/Mac/Assignment2/Data/cube-canny-dilation-edge
s.png, id=37, 963.6pt x 722.7pt>
File: /Users/donj/workspace/cs585/Lab2/Mac/Assignment2/Data/cube-canny-dilation
-edges.png Graphic file (type png)

<use /Users/donj/workspace/cs585/Lab2/Mac/Assignment2/Data/cube-canny-dilation-
edges.png>
Package pdftex.def Info: /Users/donj/workspace/cs585/Lab2/Mac/Assignment2/Data/
cube-canny-dilation-edges.png used on input line 128.
(pdftex.def)             Requested size: 398.33858pt x 298.74599pt.

</Users/donj/workspace/cs585/Lab2/Mac/Assignment2/Data/cube-canny-dilation-resu
lt.png, id=38, 963.6pt x 722.7pt>
File: /Users/donj/workspace/cs585/Lab2/Mac/Assignment2/Data/cube-canny-dilation
-result.png Graphic file (type png)

<use /Users/donj/workspace/cs585/Lab2/Mac/Assignment2/Data/cube-canny-dilation-
result.png>
Package pdftex.def Info: /Users/donj/workspace/cs585/Lab2/Mac/Assignment2/Data/
cube-canny-dilation-result.png used on input line 135.
(pdftex.def)             Requested size: 398.33858pt x 298.74599pt.
 [7 </Users/donj/workspace/cs585/Lab2/Mac/Assignment2/Data/cube-result-1pt5-16.
png (PNG copy)> </Users/donj/workspace/cs585/Lab2/Mac/Assignment2/Data/cube-can
ny-dilation-edges.png (PNG copy)>] [8 </Users/donj/workspace/cs585/Lab2/Mac/Ass
ignment2/Data/cube-canny-dilation-result.png (PNG copy)>]
</Users/donj/workspace/cs585/Lab2/Mac/Assignment2/Data/camoEggsOnPaper-canny-di
lation-edges.png, id=46, 963.6pt x 733.74126pt>
File: /Users/donj/workspace/cs585/Lab2/Mac/Assignment2/Data/camoEggsOnPaper-can
ny-dilation-edges.png Graphic file (type png)

<use /Users/donj/workspace/cs585/Lab2/Mac/Assignment2/Data/camoEggsOnPaper-cann
y-dilation-edges.png>
Package pdftex.def Info: /Users/donj/workspace/cs585/Lab2/Mac/Assignment2/Data/
camoEggsOnPaper-canny-dilation-edges.png used on input line 148.
(pdftex.def)             Requested size: 398.33858pt x 303.31018pt.

</Users/donj/workspace/cs585/Lab2/Mac/Assignment2/Data/rainbowEasy-edges-1-94.p
ng, id=47, 963.6pt x 722.7pt>
File: /Users/donj/workspace/cs585/Lab2/Mac/Assignment2/Data/rainbowEasy-edges-1
-94.png Graphic file (type png)

<use /Users/donj/workspace/cs585/Lab2/Mac/Assignment2/Data/rainbowEasy-edges-1-
94.png>
Package pdftex.def Info: /Users/donj/workspace/cs585/Lab2/Mac/Assignment2/Data/
rainbowEasy-edges-1-94.png used on input line 159.
(pdftex.def)             Requested size: 398.33858pt x 298.74599pt.
 [9 </Users/donj/workspace/cs585/Lab2/Mac/Assignment2/Data/camoEggsOnPaper-cann
y-dilation-edges.png (PNG copy)>]
</Users/donj/workspace/cs585/Lab2/Mac/Assignment2/Data/rainbowEasy-result-1-94.
png, id=51, 963.6pt x 722.7pt>
File: /Users/donj/workspace/cs585/Lab2/Mac/Assignment2/Data/rainbowEasy-result-
1-94.png Graphic file (type png)

<use /Users/donj/workspace/cs585/Lab2/Mac/Assignment2/Data/rainbowEasy-result-1
-94.png>
Package pdftex.def Info: /Users/donj/workspace/cs585/Lab2/Mac/Assignment2/Data/
rainbowEasy-result-1-94.png used on input line 166.
(pdftex.def)             Requested size: 398.33858pt x 298.74599pt.
 [10 </Users/donj/workspace/cs585/Lab2/Mac/Assignment2/Data/rainbowEasy-edges-1
-94.png (PNG copy)> </Users/donj/workspace/cs585/Lab2/Mac/Assignment2/Data/rain
bowEasy-result-1-94.png (PNG copy)>]
</Users/donj/workspace/cs585/Lab2/Mac/Assignment2/Data/rainbowHard-before-resul
t-1-94.png, id=55, 963.6pt x 722.7pt>
File: /Users/donj/workspace/cs585/Lab2/Mac/Assignment2/Data/rainbowHard-before-
result-1-94.png Graphic file (type png)

<use /Users/donj/workspace/cs585/Lab2/Mac/Assignment2/Data/rainbowHard-before-r
esult-1-94.png>
Package pdftex.def Info: /Users/donj/workspace/cs585/Lab2/Mac/Assignment2/Data/
rainbowHard-before-result-1-94.png used on input line 184.
(pdftex.def)             Requested size: 398.33858pt x 298.74599pt.

</Users/donj/workspace/cs585/Lab2/Mac/Assignment2/Data/rainbowHard-after-result
-1-33.png, id=56, 963.6pt x 722.7pt>
File: /Users/donj/workspace/cs585/Lab2/Mac/Assignment2/Data/rainbowHard-after-r
esult-1-33.png Graphic file (type png)

<use /Users/donj/workspace/cs585/Lab2/Mac/Assignment2/Data/rainbowHard-after-re
sult-1-33.png>
Package pdftex.def Info: /Users/donj/workspace/cs585/Lab2/Mac/Assignment2/Data/
rainbowHard-after-result-1-33.png used on input line 191.
(pdftex.def)             Requested size: 398.33858pt x 298.74599pt.
 [11 </Users/donj/workspace/cs585/Lab2/Mac/Assignment2/Data/rainbowHard-before-
result-1-94.png (PNG copy)>]
Underfull \hbox (badness 10000) in paragraph at lines 228--231
\OT1/cmr/m/n/10 theta=45.png", "gra-di-ent[]-theta=90.png." Did you find any di
s-crep-an-cies?
 []


Underfull \hbox (badness 3803) in paragraph at lines 231--235
\OT1/cmr/m/n/10 the val-ues that you find and use them to de-ter-mine the an-gl
e I used to gen-er-ate the im-age.
 []

[12 </Users/donj/workspace/cs585/Lab2/Mac/Assignment2/Data/rainbowHard-after-re
sult-1-33.png (PNG copy)>]
Underfull \hbox (badness 4181) in paragraph at lines 238--241
\OT1/cmr/m/n/10 ent of the im-age at the cen-ter point, es-ti-mate the an-gle t
hat I used to gen-er-ate the im-age.
 []


Underfull \hbox (badness 10000) in paragraph at lines 257--260

 []

LaTeX Font Info:    Try loading font information for OML+cmr on input line 262.

(/usr/local/texlive/2013/texmf-dist/tex/latex/base/omlcmr.fd
File: omlcmr.fd 1999/05/25 v2.5h Standard LaTeX font definitions
)
LaTeX Font Info:    Font shape `OML/cmr/m/n' in size <10> not available
(Font)              Font shape `OML/cmm/m/it' tried instead on input line 262.
LaTeX Font Info:    Try loading font information for OMS+cmr on input line 262.


(/usr/local/texlive/2013/texmf-dist/tex/latex/base/omscmr.fd
File: omscmr.fd 1999/05/25 v2.5h Standard LaTeX font definitions
)
LaTeX Font Info:    Font shape `OMS/cmr/m/n' in size <10> not available
(Font)              Font shape `OMS/cmsy/m/n' tried instead on input line 262.
 [13] [14]
Overfull \hbox (22.98051pt too wide) in paragraph at lines 411--412
[][][][][][][][][][][][][][][][][][][][][][][][][][][][][][][][][] 
 []


Overfull \hbox (4.98033pt too wide) in paragraph at lines 416--418
[][][][][][][][][][][][][][][][][][][][][][][][][][][][][][][][][][][][][][][][
] 
 []


Overfull \hbox (460.98497pt too wide) in paragraph at lines 418--419
[][][][][][][][][][][][][][][][][][][][][][][][][][][][][][][][][][][][][][][][
][][][][][][][][][][][][][][][][][][][][][][][][][][][][][][][][] 
 []

[15] <twoRedEggsThresholded175.png, id=79, 963.6pt x 722.7pt>
File: twoRedEggsThresholded175.png Graphic file (type png)

<use twoRedEggsThresholded175.png>
Package pdftex.def Info: twoRedEggsThresholded175.png used on input line 425.
(pdftex.def)             Requested size: 284.52756pt x 213.39314pt.
 [16 <./twoRedEggsThresholded175.png (PNG copy)>] (./Assignment 2 Don Johnson.a
ux)

LaTeX Warning: There were multiply-defined labels.

 ) 
Here is how much of TeX's memory you used:
 5892 strings out of 493315
 94859 string characters out of 6137904
 184882 words of memory out of 5000000
 9254 multiletter control sequences out of 15000+600000
 9023 words of font info for 33 fonts, out of 8000000 for 9000
 957 hyphenation exceptions out of 8191
 38i,8n,49p,514b,1237s stack positions out of 5000i,500n,10000p,200000b,80000s
</usr/local/texlive/2013/texmf-dist/fonts/type1/public/amsfonts/cm/cmbx10.pfb
></usr/local/texlive/2013/texmf-dist/fonts/type1/public/amsfonts/cm/cmbx12.pfb>
</usr/local/texlive/2013/texmf-dist/fonts/type1/public/amsfonts/cm/cmex10.pfb><
/usr/local/texlive/2013/texmf-dist/fonts/type1/public/amsfonts/cm/cmmi10.pfb></
usr/local/texlive/2013/texmf-dist/fonts/type1/public/amsfonts/cm/cmr10.pfb></us
r/local/texlive/2013/texmf-dist/fonts/type1/public/amsfonts/cm/cmr12.pfb></usr/
local/texlive/2013/texmf-dist/fonts/type1/public/amsfonts/cm/cmr17.pfb></usr/lo
cal/texlive/2013/texmf-dist/fonts/type1/public/amsfonts/cm/cmr7.pfb></usr/local
/texlive/2013/texmf-dist/fonts/type1/public/amsfonts/cm/cmsy10.pfb></usr/local/
texlive/2013/texmf-dist/fonts/type1/public/amsfonts/cm/cmsy7.pfb>
Output written on "Assignment 2 Don Johnson.pdf" (16 pages, 5366715 bytes).
PDF statistics:
 116 PDF objects out of 1000 (max. 8388607)
 67 compressed objects within 1 object stream
 0 named destinations out of 1000 (max. 500000)
 101 words of extra memory for PDF output out of 10000 (max. 10000000)

